<?xml version="1.0" encoding="UTF-8"?>
<!-- Generated by org.testng.reporters.JUnitReportReporter -->
<testsuite skipped="0" hostname="5CG6332Q2M" name="com.firstproject.testCases.LoginPageTestCase" tests="1" failures="0" timestamp="03 Jun 2019 05:53:20 GMT" time="2.090" errors="0">
  <testcase name="LoginTC" time="2.090" classname="com.firstproject.testCases.LoginPageTestCase"/>
</testsuite> <!-- com.firstproject.testCases.LoginPageTestCase -->
