<?xml version="1.0" encoding="UTF-8"?>
<!-- Generated by org.testng.reporters.JUnitReportReporter -->
<testsuite skipped="0" hostname="5CG6332Q2M" name="com.firstproject.testCases.LoginPageTestCase" tests="1" failures="0" timestamp="04 Jun 2019 06:47:47 GMT" time="2.115" errors="0">
  <testcase name="LoginTC" time="2.115" classname="com.firstproject.testCases.LoginPageTestCase"/>
</testsuite> <!-- com.firstproject.testCases.LoginPageTestCase -->
